Using pre-set license
Built from '2020.3/staging' branch; Version is '2020.3.18f1 (a7d1c678663c) revision 10998214'; Using compiler version '192528614'; Build Type 'Release'
OS: 'Windows 10 Pro; OS build 17763.737; Version 1809; 64bit' Language: 'zh' Physical Memory: 16250 MB
BatchMode: 1, IsHumanControllingUs: 0, StartBugReporterOnCrash: 0, Is64bit: 1, IsPro: 0

COMMAND LINE ARGUMENTS:
C:\Program Files\Unity\Hub\Editor\2020.3.18f1\Editor\Unity.exe
-adb2
-batchMode
-noUpm
-name
AssetImportWorker0
-projectPath
E:/KenQu_Unity/TeamProject_Mysterious_Forest
-logFile
Logs/AssetImportWorker0.log
-srvPort
55108
Successfully changed project path to: E:/KenQu_Unity/TeamProject_Mysterious_Forest
E:/KenQu_Unity/TeamProject_Mysterious_Forest
Using Asset Import Pipeline V2.
Refreshing native plugins compatible for Editor in 44.92 ms, found 3 plugins.
Preloading 0 native plugins for Editor in 0.00 ms.
Initialize engine version: 2020.3.18f1 (a7d1c678663c)
[Subsystems] Discovering subsystems at path C:/Program Files/Unity/Hub/Editor/2020.3.18f1/Editor/Data/Resources/UnitySubsystems
[Subsystems] Discovering subsystems at path E:/KenQu_Unity/TeamProject_Mysterious_Forest/Assets
GfxDevice: creating device client; threaded=0
Direct3D:
    Version:  Direct3D 11.0 [level 11.1]
    Renderer: NVIDIA Quadro P600 (ID=0x1cb2)
    Vendor:   
    VRAM:     1981 MB
    Driver:   27.21.14.5239
Initialize mono
Mono path[0] = 'C:/Program Files/Unity/Hub/Editor/2020.3.18f1/Editor/Data/Managed'
Mono path[1] = 'C:/Program Files/Unity/Hub/Editor/2020.3.18f1/Editor/Data/MonoBleedingEdge/lib/mono/unityjit'
Mono config path = 'C:/Program Files/Unity/Hub/Editor/2020.3.18f1/Editor/Data/MonoBleedingEdge/etc'
Using monoOptions --debugger-agent=transport=dt_socket,embedding=1,server=y,suspend=n,address=127.0.0.1:56668
Begin MonoManager ReloadAssembly
Registering precompiled unity dll's ...
Register platform support module: C:/Program Files/Unity/Hub/Editor/2020.3.18f1/Editor/Data/PlaybackEngines/WebGLSupport/UnityEditor.WebGL.Extensions.dll
Register platform support module: C:/Program Files/Unity/Hub/Editor/2020.3.18f1/Editor/Data/PlaybackEngines/WindowsStandaloneSupport/UnityEditor.WindowsStandalone.Extensions.dll
Registered in 0.001517 seconds.
Native extension for WindowsStandalone target not found
Native extension for WebGL target not found
Refreshing native plugins compatible for Editor in 39.09 ms, found 3 plugins.
Preloading 0 native plugins for Editor in 0.00 ms.
Mono: successfully reloaded assembly
- Completed reload, in  1.617 seconds
Domain Reload Profiling:
	ReloadAssembly (1617ms)
		BeginReloadAssembly (43ms)
			ExecutionOrderSort (0ms)
			DisableScriptedObjects (0ms)
			BackupInstance (0ms)
			ReleaseScriptingObjects (0ms)
			CreateAndSetChildDomain (1ms)
		EndReloadAssembly (375ms)
			LoadAssemblies (42ms)
			RebuildTransferFunctionScriptingTraits (0ms)
			SetupTypeCache (134ms)
			ReleaseScriptCaches (0ms)
			RebuildScriptCaches (28ms)
			SetupLoadedEditorAssemblies (152ms)
				LogAssemblyErrors (0ms)
				InitializePlatformSupportModulesInManaged (4ms)
				SetLoadedEditorAssemblies (0ms)
				RefreshPlugins (39ms)
				BeforeProcessingInitializeOnLoad (16ms)
				ProcessInitializeOnLoadAttributes (68ms)
				ProcessInitializeOnLoadMethodAttributes (24ms)
				AfterProcessingInitializeOnLoad (0ms)
				EditorAssembliesLoaded (0ms)
			ExecutionOrderSort2 (0ms)
			AwakeInstancesAfterBackupRestoration (0ms)
Platform modules already initialized, skipping
Registering precompiled user dll's ...
Registered in 0.001701 seconds.
Begin MonoManager ReloadAssembly
Native extension for WindowsStandalone target not found
Native extension for WebGL target not found
Refreshing native plugins compatible for Editor in 52.52 ms, found 3 plugins.
Preloading 0 native plugins for Editor in 0.00 ms.
Mono: successfully reloaded assembly
- Completed reload, in  0.993 seconds
Domain Reload Profiling:
	ReloadAssembly (994ms)
		BeginReloadAssembly (123ms)
			ExecutionOrderSort (0ms)
			DisableScriptedObjects (4ms)
			BackupInstance (0ms)
			ReleaseScriptingObjects (0ms)
			CreateAndSetChildDomain (16ms)
		EndReloadAssembly (819ms)
			LoadAssemblies (73ms)
			RebuildTransferFunctionScriptingTraits (0ms)
			SetupTypeCache (264ms)
			ReleaseScriptCaches (0ms)
			RebuildScriptCaches (43ms)
			SetupLoadedEditorAssemblies (325ms)
				LogAssemblyErrors (0ms)
				InitializePlatformSupportModulesInManaged (4ms)
				SetLoadedEditorAssemblies (0ms)
				RefreshPlugins (53ms)
				BeforeProcessingInitializeOnLoad (67ms)
				ProcessInitializeOnLoadAttributes (184ms)
				ProcessInitializeOnLoadMethodAttributes (13ms)
				AfterProcessingInitializeOnLoad (4ms)
				EditorAssembliesLoaded (0ms)
			ExecutionOrderSort2 (0ms)
			AwakeInstancesAfterBackupRestoration (6ms)
Platform modules already initialized, skipping
========================================================================
Worker process is ready to serve import requests
Launched and connected shader compiler UnityShaderCompiler.exe after 0.03 seconds
Refreshing native plugins compatible for Editor in 0.74 ms, found 3 plugins.
Preloading 0 native plugins for Editor in 0.00 ms.
Unloading 2092 Unused Serialized files (Serialized files now loaded: 0)
System memory in use before: 93.1 MB.
System memory in use after: 93.2 MB.

Unloading 26 unused Assets to reduce memory usage. Loaded Objects now: 2531.
Total: 3.328300 ms (FindLiveObjects: 0.190800 ms CreateObjectMapping: 0.071700 ms MarkObjects: 2.950500 ms  DeleteObjects: 0.114000 ms)

AssetImportParameters requested are different than current active one (requested -> active):
  custom:framework-win-MediaFoundation: 216162199b28c13a410421893ffa2e32 -> 
  custom:video-decoder-ogg-theora: a1e56fd34408186e4bbccfd4996cb3dc -> 
  custom:container-muxer-webm: aa71ff27fc2769a1b78a27578f13a17b -> 
  custom:container-demuxer-webm: 4f35f7cbe854078d1ac9338744f61a02 -> 
  custom:container-demuxer-ogg: 62fdf1f143b41e24485cea50d1cbac27 -> 
  custom:video-encoder-webm-vp8: eb34c28f22e8b96e1ab97ce403110664 -> 
  custom:video-decoder-webm-vp8: 9c59270c3fd7afecdb556c50c9e8de78 -> 
  custom:audio-decoder-ogg-vorbis: bf7c407c2cedff20999df2af8eb42d56 -> 
  custom:audio-encoder-webm-vorbis: bf7c407c2cedff20999df2af8eb42d56 -> 
========================================================================
Received Import Request.
  path: Assets/04_KID LOGO.png
  artifactKey: Guid(a6bd9277ef3fde743a293d7bdff11a60) Importer(815301076,1909f56bfc062723c751e8b465ee728b)
Start importing Assets/04_KID LOGO.png using Guid(a6bd9277ef3fde743a293d7bdff11a60) Importer(815301076,1909f56bfc062723c751e8b465ee728b)  -> (artifact id: '97c5ae6892c320257cca7f7da604c817') in 0.162743 seconds 
  Import took 0.165877 seconds .

========================================================================
Received Import Request.
  Time since last request: 0.000269 seconds.
  path: Assets/SuperMario256.ttf
  artifactKey: Guid(ace6b370169847842ad2245f69949a0d) Importer(815301076,1909f56bfc062723c751e8b465ee728b)
Start importing Assets/SuperMario256.ttf using Guid(ace6b370169847842ad2245f69949a0d) Importer(815301076,1909f56bfc062723c751e8b465ee728b)  -> (artifact id: '1384a28df52ce3c031afd66a76a34d14') in 0.053748 seconds 
  Import took 0.056577 seconds .

========================================================================
Received Import Request.
  Time since last request: 5.096506 seconds.
  path: Assets/Character/Cat Sprite Sheet.png
  artifactKey: Guid(1c354ab1a81066a4989a3fbe2671f01a) Importer(815301076,1909f56bfc062723c751e8b465ee728b)
Start importing Assets/Character/Cat Sprite Sheet.png using Guid(1c354ab1a81066a4989a3fbe2671f01a) Importer(815301076,1909f56bfc062723c751e8b465ee728b)  -> (artifact id: 'bf5631f668e64a3a7d335772193b301e') in 0.095051 seconds 
  Import took 0.098298 seconds .

========================================================================
Received Import Request.
  Time since last request: 0.000214 seconds.
  path: Assets/Character/Warrior_Sheet-Effect.png
  artifactKey: Guid(91476fc2ebb5ceb49b95e2f74f63f675) Importer(815301076,1909f56bfc062723c751e8b465ee728b)
Start importing Assets/Character/Warrior_Sheet-Effect.png using Guid(91476fc2ebb5ceb49b95e2f74f63f675) Importer(815301076,1909f56bfc062723c751e8b465ee728b)  -> (artifact id: 'f98111c19f1fd711867a87d96535da28') in 0.168974 seconds 
  Import took 0.171964 seconds .

========================================================================
Received Import Request.
  Time since last request: 0.334621 seconds.
  path: Assets/其他/地板.physicsMaterial2D
  artifactKey: Guid(8907090af6599ec4da3fda632268084c) Importer(815301076,1909f56bfc062723c751e8b465ee728b)
Start importing Assets/其他/地板.physicsMaterial2D using Guid(8907090af6599ec4da3fda632268084c) Importer(815301076,1909f56bfc062723c751e8b465ee728b)  -> (artifact id: '5486977fb38d017597a24f9c249a4376') in 0.003121 seconds 
  Import took 0.006260 seconds .

========================================================================
Received Import Request.
  Time since last request: 1.349034 seconds.
  path: Assets/Scenes/SampleScene.unity
  artifactKey: Guid(2cda990e2423bbf4892e6590ba056729) Importer(815301076,1909f56bfc062723c751e8b465ee728b)
Start importing Assets/Scenes/SampleScene.unity using Guid(2cda990e2423bbf4892e6590ba056729) Importer(815301076,1909f56bfc062723c751e8b465ee728b)  -> (artifact id: 'aa27944bdea339c97c39027c7eea529c') in 0.001373 seconds 
  Import took 0.004195 seconds .

========================================================================
Received Import Request.
  Time since last request: 0.014755 seconds.
  path: Assets/Scenes/SampleScene.unity
  artifactKey: Guid(2cda990e2423bbf4892e6590ba056729) Importer(815301076,1909f56bfc062723c751e8b465ee728b)
Start importing Assets/Scenes/SampleScene.unity using Guid(2cda990e2423bbf4892e6590ba056729) Importer(815301076,1909f56bfc062723c751e8b465ee728b)  -> (artifact id: 'aa27944bdea339c97c39027c7eea529c') in 0.001206 seconds 
  Import took 0.004607 seconds .

========================================================================
Received Import Request.
  Time since last request: 1.512947 seconds.
  path: Assets/Scenes/遊戲畫面.unity
  artifactKey: Guid(ccf1396975674dc46b979da8747cf92f) Importer(815301076,1909f56bfc062723c751e8b465ee728b)
Start importing Assets/Scenes/遊戲畫面.unity using Guid(ccf1396975674dc46b979da8747cf92f) Importer(815301076,1909f56bfc062723c751e8b465ee728b)  -> (artifact id: '147ff6ea00c8740d36c82989c1281fb5') in 0.001219 seconds 
  Import took 0.004486 seconds .

========================================================================
Received Import Request.
  Time since last request: 0.000258 seconds.
  path: Assets/Scenes/遊戲畫面.unity
  artifactKey: Guid(ccf1396975674dc46b979da8747cf92f) Importer(815301076,1909f56bfc062723c751e8b465ee728b)
Start importing Assets/Scenes/遊戲畫面.unity using Guid(ccf1396975674dc46b979da8747cf92f) Importer(815301076,1909f56bfc062723c751e8b465ee728b)  -> (artifact id: '147ff6ea00c8740d36c82989c1281fb5') in 0.001255 seconds 
  Import took 0.005015 seconds .

========================================================================
Received Import Request.
  Time since last request: 0.726013 seconds.
  path: Assets/Scenes/開始畫面.unity
  artifactKey: Guid(a7a7fb1163c80824ea0f5d785d98d0da) Importer(815301076,1909f56bfc062723c751e8b465ee728b)
Start importing Assets/Scenes/開始畫面.unity using Guid(a7a7fb1163c80824ea0f5d785d98d0da) Importer(815301076,1909f56bfc062723c751e8b465ee728b)  -> (artifact id: 'd9376acf80f7b4f361277f0efccd3e84') in 0.001316 seconds 
  Import took 0.004735 seconds .

========================================================================
Received Import Request.
  Time since last request: 0.000790 seconds.
  path: Assets/Scenes/開始畫面.unity
  artifactKey: Guid(a7a7fb1163c80824ea0f5d785d98d0da) Importer(815301076,1909f56bfc062723c751e8b465ee728b)
Start importing Assets/Scenes/開始畫面.unity using Guid(a7a7fb1163c80824ea0f5d785d98d0da) Importer(815301076,1909f56bfc062723c751e8b465ee728b)  -> (artifact id: 'd9376acf80f7b4f361277f0efccd3e84') in 0.001226 seconds 
  Import took 0.004684 seconds .

========================================================================
Received Import Request.
  Time since last request: 228.237163 seconds.
  path: Assets/Scenes/遊戲畫面.unity
  artifactKey: Guid(ccf1396975674dc46b979da8747cf92f) Importer(815301076,1909f56bfc062723c751e8b465ee728b)
Start importing Assets/Scenes/遊戲畫面.unity using Guid(ccf1396975674dc46b979da8747cf92f) Importer(815301076,1909f56bfc062723c751e8b465ee728b)  -> (artifact id: 'b2f7a9df717f4e4502cb6db8d789897c') in 0.001313 seconds 
  Import took 0.005129 seconds .

========================================================================
Received Prepare
Registering precompiled user dll's ...
Registered in 0.002183 seconds.
Begin MonoManager ReloadAssembly
Native extension for WindowsStandalone target not found
Native extension for WebGL target not found
Refreshing native plugins compatible for Editor in 0.53 ms, found 3 plugins.
Preloading 0 native plugins for Editor in 0.00 ms.
Mono: successfully reloaded assembly
- Completed reload, in  1.027 seconds
Domain Reload Profiling:
	ReloadAssembly (1027ms)
		BeginReloadAssembly (94ms)
			ExecutionOrderSort (0ms)
			DisableScriptedObjects (5ms)
			BackupInstance (0ms)
			ReleaseScriptingObjects (0ms)
			CreateAndSetChildDomain (30ms)
		EndReloadAssembly (880ms)
			LoadAssemblies (70ms)
			RebuildTransferFunctionScriptingTraits (0ms)
			SetupTypeCache (290ms)
			ReleaseScriptCaches (1ms)
			RebuildScriptCaches (52ms)
			SetupLoadedEditorAssemblies (315ms)
				LogAssemblyErrors (0ms)
				InitializePlatformSupportModulesInManaged (6ms)
				SetLoadedEditorAssemblies (1ms)
				RefreshPlugins (1ms)
				BeforeProcessingInitializeOnLoad (92ms)
				ProcessInitializeOnLoadAttributes (206ms)
				ProcessInitializeOnLoadMethodAttributes (5ms)
				AfterProcessingInitializeOnLoad (4ms)
				EditorAssembliesLoaded (0ms)
			ExecutionOrderSort2 (0ms)
			AwakeInstancesAfterBackupRestoration (10ms)
Platform modules already initialized, skipping
Refreshing native plugins compatible for Editor in 0.45 ms, found 3 plugins.
Preloading 0 native plugins for Editor in 0.00 ms.
Unloading 2082 Unused Serialized files (Serialized files now loaded: 0)
System memory in use before: 95.9 MB.
System memory in use after: 96.0 MB.

Unloading 14 unused Assets to reduce memory usage. Loaded Objects now: 2588.
Total: 2.850700 ms (FindLiveObjects: 0.159100 ms CreateObjectMapping: 0.068100 ms MarkObjects: 2.607900 ms  DeleteObjects: 0.014900 ms)

AssetImportParameters requested are different than current active one (requested -> active):
  custom:framework-win-MediaFoundation: 216162199b28c13a410421893ffa2e32 -> 
  custom:video-decoder-ogg-theora: a1e56fd34408186e4bbccfd4996cb3dc -> 
  custom:container-muxer-webm: aa71ff27fc2769a1b78a27578f13a17b -> 
  custom:container-demuxer-webm: 4f35f7cbe854078d1ac9338744f61a02 -> 
  custom:container-demuxer-ogg: 62fdf1f143b41e24485cea50d1cbac27 -> 
  custom:video-encoder-webm-vp8: eb34c28f22e8b96e1ab97ce403110664 -> 
  custom:video-decoder-webm-vp8: 9c59270c3fd7afecdb556c50c9e8de78 -> 
  custom:audio-decoder-ogg-vorbis: bf7c407c2cedff20999df2af8eb42d56 -> 
  custom:audio-encoder-webm-vorbis: bf7c407c2cedff20999df2af8eb42d56 -> 
========================================================================
Received Prepare
Registering precompiled user dll's ...
Registered in 0.001625 seconds.
Begin MonoManager ReloadAssembly
Native extension for WindowsStandalone target not found
Native extension for WebGL target not found
Refreshing native plugins compatible for Editor in 0.43 ms, found 3 plugins.
Preloading 0 native plugins for Editor in 0.00 ms.
Mono: successfully reloaded assembly
- Completed reload, in  0.903 seconds
Domain Reload Profiling:
	ReloadAssembly (904ms)
		BeginReloadAssembly (103ms)
			ExecutionOrderSort (0ms)
			DisableScriptedObjects (6ms)
			BackupInstance (0ms)
			ReleaseScriptingObjects (0ms)
			CreateAndSetChildDomain (34ms)
		EndReloadAssembly (744ms)
			LoadAssemblies (75ms)
			RebuildTransferFunctionScriptingTraits (0ms)
			SetupTypeCache (257ms)
			ReleaseScriptCaches (1ms)
			RebuildScriptCaches (42ms)
			SetupLoadedEditorAssemblies (270ms)
				LogAssemblyErrors (0ms)
				InitializePlatformSupportModulesInManaged (5ms)
				SetLoadedEditorAssemblies (0ms)
				RefreshPlugins (0ms)
				BeforeProcessingInitializeOnLoad (70ms)
				ProcessInitializeOnLoadAttributes (185ms)
				ProcessInitializeOnLoadMethodAttributes (5ms)
				AfterProcessingInitializeOnLoad (4ms)
				EditorAssembliesLoaded (0ms)
			ExecutionOrderSort2 (0ms)
			AwakeInstancesAfterBackupRestoration (10ms)
Platform modules already initialized, skipping
Refreshing native plugins compatible for Editor in 0.44 ms, found 3 plugins.
Preloading 0 native plugins for Editor in 0.00 ms.
Unloading 2082 Unused Serialized files (Serialized files now loaded: 0)
System memory in use before: 95.9 MB.
System memory in use after: 96.0 MB.

Unloading 14 unused Assets to reduce memory usage. Loaded Objects now: 2591.
Total: 2.799600 ms (FindLiveObjects: 0.165800 ms CreateObjectMapping: 0.069500 ms MarkObjects: 2.515000 ms  DeleteObjects: 0.048600 ms)

AssetImportParameters requested are different than current active one (requested -> active):
  custom:framework-win-MediaFoundation: 216162199b28c13a410421893ffa2e32 -> 
  custom:video-decoder-ogg-theora: a1e56fd34408186e4bbccfd4996cb3dc -> 
  custom:container-muxer-webm: aa71ff27fc2769a1b78a27578f13a17b -> 
  custom:container-demuxer-webm: 4f35f7cbe854078d1ac9338744f61a02 -> 
  custom:container-demuxer-ogg: 62fdf1f143b41e24485cea50d1cbac27 -> 
  custom:video-encoder-webm-vp8: eb34c28f22e8b96e1ab97ce403110664 -> 
  custom:video-decoder-webm-vp8: 9c59270c3fd7afecdb556c50c9e8de78 -> 
  custom:audio-decoder-ogg-vorbis: bf7c407c2cedff20999df2af8eb42d56 -> 
  custom:audio-encoder-webm-vorbis: bf7c407c2cedff20999df2af8eb42d56 -> 
========================================================================
Received Prepare
Registering precompiled user dll's ...
Registered in 0.001812 seconds.
Begin MonoManager ReloadAssembly
Native extension for WindowsStandalone target not found
Native extension for WebGL target not found
Refreshing native plugins compatible for Editor in 0.52 ms, found 3 plugins.
Preloading 0 native plugins for Editor in 0.00 ms.
Mono: successfully reloaded assembly
- Completed reload, in  1.115 seconds
Domain Reload Profiling:
	ReloadAssembly (1115ms)
		BeginReloadAssembly (111ms)
			ExecutionOrderSort (0ms)
			DisableScriptedObjects (7ms)
			BackupInstance (0ms)
			ReleaseScriptingObjects (0ms)
			CreateAndSetChildDomain (40ms)
		EndReloadAssembly (942ms)
			LoadAssemblies (87ms)
			RebuildTransferFunctionScriptingTraits (0ms)
			SetupTypeCache (337ms)
			ReleaseScriptCaches (1ms)
			RebuildScriptCaches (50ms)
			SetupLoadedEditorAssemblies (348ms)
				LogAssemblyErrors (0ms)
				InitializePlatformSupportModulesInManaged (7ms)
				SetLoadedEditorAssemblies (0ms)
				RefreshPlugins (1ms)
				BeforeProcessingInitializeOnLoad (87ms)
				ProcessInitializeOnLoadAttributes (242ms)
				ProcessInitializeOnLoadMethodAttributes (6ms)
				AfterProcessingInitializeOnLoad (4ms)
				EditorAssembliesLoaded (0ms)
			ExecutionOrderSort2 (0ms)
			AwakeInstancesAfterBackupRestoration (11ms)
Platform modules already initialized, skipping
Refreshing native plugins compatible for Editor in 0.46 ms, found 3 plugins.
Preloading 0 native plugins for Editor in 0.00 ms.
Unloading 2082 Unused Serialized files (Serialized files now loaded: 0)
System memory in use before: 95.9 MB.
System memory in use after: 96.1 MB.

Unloading 14 unused Assets to reduce memory usage. Loaded Objects now: 2594.
Total: 2.715100 ms (FindLiveObjects: 0.183800 ms CreateObjectMapping: 0.076200 ms MarkObjects: 2.436200 ms  DeleteObjects: 0.017800 ms)

AssetImportParameters requested are different than current active one (requested -> active):
  custom:framework-win-MediaFoundation: 216162199b28c13a410421893ffa2e32 -> 
  custom:video-decoder-ogg-theora: a1e56fd34408186e4bbccfd4996cb3dc -> 
  custom:container-muxer-webm: aa71ff27fc2769a1b78a27578f13a17b -> 
  custom:container-demuxer-webm: 4f35f7cbe854078d1ac9338744f61a02 -> 
  custom:container-demuxer-ogg: 62fdf1f143b41e24485cea50d1cbac27 -> 
  custom:video-encoder-webm-vp8: eb34c28f22e8b96e1ab97ce403110664 -> 
  custom:video-decoder-webm-vp8: 9c59270c3fd7afecdb556c50c9e8de78 -> 
  custom:audio-decoder-ogg-vorbis: bf7c407c2cedff20999df2af8eb42d56 -> 
  custom:audio-encoder-webm-vorbis: bf7c407c2cedff20999df2af8eb42d56 -> 
========================================================================
Received Prepare
Registering precompiled user dll's ...
Registered in 0.001630 seconds.
Begin MonoManager ReloadAssembly
Native extension for WindowsStandalone target not found
Native extension for WebGL target not found
Refreshing native plugins compatible for Editor in 0.52 ms, found 3 plugins.
Preloading 0 native plugins for Editor in 0.00 ms.
Mono: successfully reloaded assembly
- Completed reload, in  0.965 seconds
Domain Reload Profiling:
	ReloadAssembly (966ms)
		BeginReloadAssembly (102ms)
			ExecutionOrderSort (0ms)
			DisableScriptedObjects (7ms)
			BackupInstance (0ms)
			ReleaseScriptingObjects (0ms)
			CreateAndSetChildDomain (36ms)
		EndReloadAssembly (805ms)
			LoadAssemblies (78ms)
			RebuildTransferFunctionScriptingTraits (0ms)
			SetupTypeCache (290ms)
			ReleaseScriptCaches (1ms)
			RebuildScriptCaches (46ms)
			SetupLoadedEditorAssemblies (274ms)
				LogAssemblyErrors (0ms)
				InitializePlatformSupportModulesInManaged (6ms)
				SetLoadedEditorAssemblies (1ms)
				RefreshPlugins (1ms)
				BeforeProcessingInitializeOnLoad (73ms)
				ProcessInitializeOnLoadAttributes (185ms)
				ProcessInitializeOnLoadMethodAttributes (5ms)
				AfterProcessingInitializeOnLoad (4ms)
				EditorAssembliesLoaded (0ms)
			ExecutionOrderSort2 (0ms)
			AwakeInstancesAfterBackupRestoration (10ms)
Platform modules already initialized, skipping
Refreshing native plugins compatible for Editor in 0.44 ms, found 3 plugins.
Preloading 0 native plugins for Editor in 0.00 ms.
Unloading 2082 Unused Serialized files (Serialized files now loaded: 0)
System memory in use before: 96.0 MB.
System memory in use after: 96.1 MB.

Unloading 14 unused Assets to reduce memory usage. Loaded Objects now: 2597.
Total: 3.118900 ms (FindLiveObjects: 0.173000 ms CreateObjectMapping: 0.068700 ms MarkObjects: 2.860900 ms  DeleteObjects: 0.015500 ms)

AssetImportParameters requested are different than current active one (requested -> active):
  custom:framework-win-MediaFoundation: 216162199b28c13a410421893ffa2e32 -> 
  custom:video-decoder-ogg-theora: a1e56fd34408186e4bbccfd4996cb3dc -> 
  custom:container-muxer-webm: aa71ff27fc2769a1b78a27578f13a17b -> 
  custom:container-demuxer-webm: 4f35f7cbe854078d1ac9338744f61a02 -> 
  custom:container-demuxer-ogg: 62fdf1f143b41e24485cea50d1cbac27 -> 
  custom:video-encoder-webm-vp8: eb34c28f22e8b96e1ab97ce403110664 -> 
  custom:video-decoder-webm-vp8: 9c59270c3fd7afecdb556c50c9e8de78 -> 
  custom:audio-decoder-ogg-vorbis: bf7c407c2cedff20999df2af8eb42d56 -> 
  custom:audio-encoder-webm-vorbis: bf7c407c2cedff20999df2af8eb42d56 -> 
========================================================================
Received Prepare
Registering precompiled user dll's ...
Registered in 0.001893 seconds.
Begin MonoManager ReloadAssembly
Native extension for WindowsStandalone target not found
Native extension for WebGL target not found
Refreshing native plugins compatible for Editor in 0.50 ms, found 3 plugins.
Preloading 0 native plugins for Editor in 0.00 ms.
Mono: successfully reloaded assembly
- Completed reload, in  0.869 seconds
Domain Reload Profiling:
	ReloadAssembly (870ms)
		BeginReloadAssembly (92ms)
			ExecutionOrderSort (0ms)
			DisableScriptedObjects (6ms)
			BackupInstance (0ms)
			ReleaseScriptingObjects (0ms)
			CreateAndSetChildDomain (31ms)
		EndReloadAssembly (725ms)
			LoadAssemblies (73ms)
			RebuildTransferFunctionScriptingTraits (0ms)
			SetupTypeCache (255ms)
			ReleaseScriptCaches (1ms)
			RebuildScriptCaches (38ms)
			SetupLoadedEditorAssemblies (265ms)
				LogAssemblyErrors (0ms)
				InitializePlatformSupportModulesInManaged (6ms)
				SetLoadedEditorAssemblies (0ms)
				RefreshPlugins (1ms)
				BeforeProcessingInitializeOnLoad (68ms)
				ProcessInitializeOnLoadAttributes (182ms)
				ProcessInitializeOnLoadMethodAttributes (5ms)
				AfterProcessingInitializeOnLoad (4ms)
				EditorAssembliesLoaded (0ms)
			ExecutionOrderSort2 (0ms)
			AwakeInstancesAfterBackupRestoration (10ms)
Platform modules already initialized, skipping
Refreshing native plugins compatible for Editor in 0.48 ms, found 3 plugins.
Preloading 0 native plugins for Editor in 0.00 ms.
Unloading 2082 Unused Serialized files (Serialized files now loaded: 0)
System memory in use before: 96.0 MB.
System memory in use after: 96.1 MB.

Unloading 14 unused Assets to reduce memory usage. Loaded Objects now: 2600.
Total: 2.802200 ms (FindLiveObjects: 0.178800 ms CreateObjectMapping: 0.074500 ms MarkObjects: 2.532500 ms  DeleteObjects: 0.015400 ms)

AssetImportParameters requested are different than current active one (requested -> active):
  custom:framework-win-MediaFoundation: 216162199b28c13a410421893ffa2e32 -> 
  custom:video-decoder-ogg-theora: a1e56fd34408186e4bbccfd4996cb3dc -> 
  custom:container-muxer-webm: aa71ff27fc2769a1b78a27578f13a17b -> 
  custom:container-demuxer-webm: 4f35f7cbe854078d1ac9338744f61a02 -> 
  custom:container-demuxer-ogg: 62fdf1f143b41e24485cea50d1cbac27 -> 
  custom:video-encoder-webm-vp8: eb34c28f22e8b96e1ab97ce403110664 -> 
  custom:video-decoder-webm-vp8: 9c59270c3fd7afecdb556c50c9e8de78 -> 
  custom:audio-decoder-ogg-vorbis: bf7c407c2cedff20999df2af8eb42d56 -> 
  custom:audio-encoder-webm-vorbis: bf7c407c2cedff20999df2af8eb42d56 -> 
========================================================================
Received Prepare
Registering precompiled user dll's ...
Registered in 0.002142 seconds.
Begin MonoManager ReloadAssembly
Native extension for WindowsStandalone target not found
Native extension for WebGL target not found
Refreshing native plugins compatible for Editor in 0.46 ms, found 3 plugins.
Preloading 0 native plugins for Editor in 0.00 ms.
Mono: successfully reloaded assembly
- Completed reload, in  0.892 seconds
Domain Reload Profiling:
	ReloadAssembly (892ms)
		BeginReloadAssembly (94ms)
			ExecutionOrderSort (0ms)
			DisableScriptedObjects (7ms)
			BackupInstance (0ms)
			ReleaseScriptingObjects (0ms)
			CreateAndSetChildDomain (31ms)
		EndReloadAssembly (739ms)
			LoadAssemblies (80ms)
			RebuildTransferFunctionScriptingTraits (0ms)
			SetupTypeCache (263ms)
			ReleaseScriptCaches (1ms)
			RebuildScriptCaches (38ms)
			SetupLoadedEditorAssemblies (263ms)
				LogAssemblyErrors (0ms)
				InitializePlatformSupportModulesInManaged (6ms)
				SetLoadedEditorAssemblies (1ms)
				RefreshPlugins (1ms)
				BeforeProcessingInitializeOnLoad (75ms)
				ProcessInitializeOnLoadAttributes (172ms)
				ProcessInitializeOnLoadMethodAttributes (4ms)
				AfterProcessingInitializeOnLoad (4ms)
				EditorAssembliesLoaded (0ms)
			ExecutionOrderSort2 (0ms)
			AwakeInstancesAfterBackupRestoration (9ms)
Platform modules already initialized, skipping
Refreshing native plugins compatible for Editor in 0.43 ms, found 3 plugins.
Preloading 0 native plugins for Editor in 0.00 ms.
Unloading 2082 Unused Serialized files (Serialized files now loaded: 0)
System memory in use before: 96.0 MB.
System memory in use after: 96.1 MB.

Unloading 14 unused Assets to reduce memory usage. Loaded Objects now: 2603.
Total: 3.064800 ms (FindLiveObjects: 0.185100 ms CreateObjectMapping: 0.058500 ms MarkObjects: 2.783900 ms  DeleteObjects: 0.036700 ms)

AssetImportParameters requested are different than current active one (requested -> active):
  custom:framework-win-MediaFoundation: 216162199b28c13a410421893ffa2e32 -> 
  custom:video-decoder-ogg-theora: a1e56fd34408186e4bbccfd4996cb3dc -> 
  custom:container-muxer-webm: aa71ff27fc2769a1b78a27578f13a17b -> 
  custom:container-demuxer-webm: 4f35f7cbe854078d1ac9338744f61a02 -> 
  custom:container-demuxer-ogg: 62fdf1f143b41e24485cea50d1cbac27 -> 
  custom:video-encoder-webm-vp8: eb34c28f22e8b96e1ab97ce403110664 -> 
  custom:video-decoder-webm-vp8: 9c59270c3fd7afecdb556c50c9e8de78 -> 
  custom:audio-decoder-ogg-vorbis: bf7c407c2cedff20999df2af8eb42d56 -> 
  custom:audio-encoder-webm-vorbis: bf7c407c2cedff20999df2af8eb42d56 -> 
========================================================================
Received Prepare
Registering precompiled user dll's ...
Registered in 0.001643 seconds.
Begin MonoManager ReloadAssembly
Native extension for WindowsStandalone target not found
Native extension for WebGL target not found
Refreshing native plugins compatible for Editor in 0.45 ms, found 3 plugins.
Preloading 0 native plugins for Editor in 0.00 ms.
Mono: successfully reloaded assembly
- Completed reload, in  0.855 seconds
Domain Reload Profiling:
	ReloadAssembly (856ms)
		BeginReloadAssembly (91ms)
			ExecutionOrderSort (0ms)
			DisableScriptedObjects (6ms)
			BackupInstance (0ms)
			ReleaseScriptingObjects (0ms)
			CreateAndSetChildDomain (30ms)
		EndReloadAssembly (713ms)
			LoadAssemblies (70ms)
			RebuildTransferFunctionScriptingTraits (0ms)
			SetupTypeCache (246ms)
			ReleaseScriptCaches (1ms)
			RebuildScriptCaches (38ms)
			SetupLoadedEditorAssemblies (264ms)
				LogAssemblyErrors (0ms)
				InitializePlatformSupportModulesInManaged (5ms)
				SetLoadedEditorAssemblies (1ms)
				RefreshPlugins (0ms)
				BeforeProcessingInitializeOnLoad (73ms)
				ProcessInitializeOnLoadAttributes (176ms)
				ProcessInitializeOnLoadMethodAttributes (4ms)
				AfterProcessingInitializeOnLoad (4ms)
				EditorAssembliesLoaded (0ms)
			ExecutionOrderSort2 (0ms)
			AwakeInstancesAfterBackupRestoration (10ms)
Platform modules already initialized, skipping
Refreshing native plugins compatible for Editor in 0.45 ms, found 3 plugins.
Preloading 0 native plugins for Editor in 0.00 ms.
Unloading 2082 Unused Serialized files (Serialized files now loaded: 0)
System memory in use before: 96.0 MB.
System memory in use after: 96.1 MB.

Unloading 14 unused Assets to reduce memory usage. Loaded Objects now: 2606.
Total: 2.823500 ms (FindLiveObjects: 0.195700 ms CreateObjectMapping: 0.078000 ms MarkObjects: 2.530400 ms  DeleteObjects: 0.018300 ms)

AssetImportParameters requested are different than current active one (requested -> active):
  custom:framework-win-MediaFoundation: 216162199b28c13a410421893ffa2e32 -> 
  custom:video-decoder-ogg-theora: a1e56fd34408186e4bbccfd4996cb3dc -> 
  custom:container-muxer-webm: aa71ff27fc2769a1b78a27578f13a17b -> 
  custom:container-demuxer-webm: 4f35f7cbe854078d1ac9338744f61a02 -> 
  custom:container-demuxer-ogg: 62fdf1f143b41e24485cea50d1cbac27 -> 
  custom:video-encoder-webm-vp8: eb34c28f22e8b96e1ab97ce403110664 -> 
  custom:video-decoder-webm-vp8: 9c59270c3fd7afecdb556c50c9e8de78 -> 
  custom:audio-decoder-ogg-vorbis: bf7c407c2cedff20999df2af8eb42d56 -> 
  custom:audio-encoder-webm-vorbis: bf7c407c2cedff20999df2af8eb42d56 -> 
========================================================================
Received Prepare
Registering precompiled user dll's ...
Registered in 0.001666 seconds.
Begin MonoManager ReloadAssembly
Native extension for WindowsStandalone target not found
Native extension for WebGL target not found
Refreshing native plugins compatible for Editor in 0.47 ms, found 3 plugins.
Preloading 0 native plugins for Editor in 0.00 ms.
Mono: successfully reloaded assembly
- Completed reload, in  0.875 seconds
Domain Reload Profiling:
	ReloadAssembly (875ms)
		BeginReloadAssembly (89ms)
			ExecutionOrderSort (0ms)
			DisableScriptedObjects (6ms)
			BackupInstance (0ms)
			ReleaseScriptingObjects (0ms)
			CreateAndSetChildDomain (29ms)
		EndReloadAssembly (735ms)
			LoadAssemblies (71ms)
			RebuildTransferFunctionScriptingTraits (0ms)
			SetupTypeCache (246ms)
			ReleaseScriptCaches (1ms)
			RebuildScriptCaches (39ms)
			SetupLoadedEditorAssemblies (277ms)
				LogAssemblyErrors (0ms)
				InitializePlatformSupportModulesInManaged (5ms)
				SetLoadedEditorAssemblies (1ms)
				RefreshPlugins (1ms)
				BeforeProcessingInitializeOnLoad (68ms)
				ProcessInitializeOnLoadAttributes (190ms)
				ProcessInitializeOnLoadMethodAttributes (8ms)
				AfterProcessingInitializeOnLoad (4ms)
				EditorAssembliesLoaded (0ms)
			ExecutionOrderSort2 (0ms)
			AwakeInstancesAfterBackupRestoration (14ms)
Platform modules already initialized, skipping
Refreshing native plugins compatible for Editor in 0.46 ms, found 3 plugins.
Preloading 0 native plugins for Editor in 0.00 ms.
Unloading 2082 Unused Serialized files (Serialized files now loaded: 0)
System memory in use before: 96.0 MB.
System memory in use after: 96.1 MB.

Unloading 14 unused Assets to reduce memory usage. Loaded Objects now: 2609.
Total: 3.260300 ms (FindLiveObjects: 0.220000 ms CreateObjectMapping: 0.088000 ms MarkObjects: 2.931000 ms  DeleteObjects: 0.019800 ms)

AssetImportParameters requested are different than current active one (requested -> active):
  custom:framework-win-MediaFoundation: 216162199b28c13a410421893ffa2e32 -> 
  custom:video-decoder-ogg-theora: a1e56fd34408186e4bbccfd4996cb3dc -> 
  custom:container-muxer-webm: aa71ff27fc2769a1b78a27578f13a17b -> 
  custom:container-demuxer-webm: 4f35f7cbe854078d1ac9338744f61a02 -> 
  custom:container-demuxer-ogg: 62fdf1f143b41e24485cea50d1cbac27 -> 
  custom:video-encoder-webm-vp8: eb34c28f22e8b96e1ab97ce403110664 -> 
  custom:video-decoder-webm-vp8: 9c59270c3fd7afecdb556c50c9e8de78 -> 
  custom:audio-decoder-ogg-vorbis: bf7c407c2cedff20999df2af8eb42d56 -> 
  custom:audio-encoder-webm-vorbis: bf7c407c2cedff20999df2af8eb42d56 -> 
========================================================================
Received Prepare
Registering precompiled user dll's ...
Registered in 0.001664 seconds.
Begin MonoManager ReloadAssembly
Native extension for WindowsStandalone target not found
Native extension for WebGL target not found
Refreshing native plugins compatible for Editor in 0.50 ms, found 3 plugins.
Preloading 0 native plugins for Editor in 0.00 ms.
Mono: successfully reloaded assembly
- Completed reload, in  0.879 seconds
Domain Reload Profiling:
	ReloadAssembly (879ms)
		BeginReloadAssembly (91ms)
			ExecutionOrderSort (0ms)
			DisableScriptedObjects (6ms)
			BackupInstance (0ms)
			ReleaseScriptingObjects (0ms)
			CreateAndSetChildDomain (27ms)
		EndReloadAssembly (733ms)
			LoadAssemblies (75ms)
			RebuildTransferFunctionScriptingTraits (0ms)
			SetupTypeCache (261ms)
			ReleaseScriptCaches (1ms)
			RebuildScriptCaches (39ms)
			SetupLoadedEditorAssemblies (263ms)
				LogAssemblyErrors (0ms)
				InitializePlatformSupportModulesInManaged (6ms)
				SetLoadedEditorAssemblies (1ms)
				RefreshPlugins (1ms)
				BeforeProcessingInitializeOnLoad (69ms)
				ProcessInitializeOnLoadAttributes (177ms)
				ProcessInitializeOnLoadMethodAttributes (5ms)
				AfterProcessingInitializeOnLoad (4ms)
				EditorAssembliesLoaded (0ms)
			ExecutionOrderSort2 (0ms)
			AwakeInstancesAfterBackupRestoration (10ms)
Platform modules already initialized, skipping
Refreshing native plugins compatible for Editor in 0.44 ms, found 3 plugins.
Preloading 0 native plugins for Editor in 0.00 ms.
Unloading 2082 Unused Serialized files (Serialized files now loaded: 0)
System memory in use before: 96.0 MB.
System memory in use after: 96.1 MB.

Unloading 14 unused Assets to reduce memory usage. Loaded Objects now: 2612.
Total: 3.310600 ms (FindLiveObjects: 0.193700 ms CreateObjectMapping: 0.070400 ms MarkObjects: 3.029700 ms  DeleteObjects: 0.016000 ms)

AssetImportParameters requested are different than current active one (requested -> active):
  custom:framework-win-MediaFoundation: 216162199b28c13a410421893ffa2e32 -> 
  custom:video-decoder-ogg-theora: a1e56fd34408186e4bbccfd4996cb3dc -> 
  custom:container-muxer-webm: aa71ff27fc2769a1b78a27578f13a17b -> 
  custom:container-demuxer-webm: 4f35f7cbe854078d1ac9338744f61a02 -> 
  custom:container-demuxer-ogg: 62fdf1f143b41e24485cea50d1cbac27 -> 
  custom:video-encoder-webm-vp8: eb34c28f22e8b96e1ab97ce403110664 -> 
  custom:video-decoder-webm-vp8: 9c59270c3fd7afecdb556c50c9e8de78 -> 
  custom:audio-decoder-ogg-vorbis: bf7c407c2cedff20999df2af8eb42d56 -> 
  custom:audio-encoder-webm-vorbis: bf7c407c2cedff20999df2af8eb42d56 -> 
========================================================================
Received Prepare
Registering precompiled user dll's ...
Registered in 0.029469 seconds.
Begin MonoManager ReloadAssembly
Native extension for WindowsStandalone target not found
Native extension for WebGL target not found
Refreshing native plugins compatible for Editor in 1.51 ms, found 3 plugins.
Preloading 0 native plugins for Editor in 0.00 ms.
Mono: successfully reloaded assembly
- Completed reload, in  7.167 seconds
Domain Reload Profiling:
	ReloadAssembly (7168ms)
		BeginReloadAssembly (714ms)
			ExecutionOrderSort (0ms)
			DisableScriptedObjects (38ms)
			BackupInstance (0ms)
			ReleaseScriptingObjects (0ms)
			CreateAndSetChildDomain (312ms)
		EndReloadAssembly (6069ms)
			LoadAssemblies (579ms)
			RebuildTransferFunctionScriptingTraits (0ms)
			SetupTypeCache (2340ms)
			ReleaseScriptCaches (13ms)
			RebuildScriptCaches (298ms)
			SetupLoadedEditorAssemblies (2081ms)
				LogAssemblyErrors (0ms)
				InitializePlatformSupportModulesInManaged (55ms)
				SetLoadedEditorAssemblies (4ms)
				RefreshPlugins (2ms)
				BeforeProcessingInitializeOnLoad (435ms)
				ProcessInitializeOnLoadAttributes (1441ms)
				ProcessInitializeOnLoadMethodAttributes (126ms)
				AfterProcessingInitializeOnLoad (18ms)
				EditorAssembliesLoaded (0ms)
			ExecutionOrderSort2 (0ms)
			AwakeInstancesAfterBackupRestoration (53ms)
Platform modules already initialized, skipping
Refreshing native plugins compatible for Editor in 0.86 ms, found 3 plugins.
Preloading 0 native plugins for Editor in 0.00 ms.
Unloading 2082 Unused Serialized files (Serialized files now loaded: 0)
System memory in use before: 96.0 MB.
System memory in use after: 96.1 MB.

Unloading 14 unused Assets to reduce memory usage. Loaded Objects now: 2615.
Total: 18.692900 ms (FindLiveObjects: 0.281200 ms CreateObjectMapping: 0.109800 ms MarkObjects: 18.247000 ms  DeleteObjects: 0.053000 ms)

AssetImportParameters requested are different than current active one (requested -> active):
  custom:framework-win-MediaFoundation: 216162199b28c13a410421893ffa2e32 -> 
  custom:video-decoder-ogg-theora: a1e56fd34408186e4bbccfd4996cb3dc -> 
  custom:container-muxer-webm: aa71ff27fc2769a1b78a27578f13a17b -> 
  custom:container-demuxer-webm: 4f35f7cbe854078d1ac9338744f61a02 -> 
  custom:container-demuxer-ogg: 62fdf1f143b41e24485cea50d1cbac27 -> 
  custom:video-encoder-webm-vp8: eb34c28f22e8b96e1ab97ce403110664 -> 
  custom:video-decoder-webm-vp8: 9c59270c3fd7afecdb556c50c9e8de78 -> 
  custom:audio-decoder-ogg-vorbis: bf7c407c2cedff20999df2af8eb42d56 -> 
  custom:audio-encoder-webm-vorbis: bf7c407c2cedff20999df2af8eb42d56 -> 
========================================================================
Received Prepare
Registering precompiled user dll's ...
Registered in 0.001610 seconds.
Begin MonoManager ReloadAssembly
Native extension for WindowsStandalone target not found
Native extension for WebGL target not found
Refreshing native plugins compatible for Editor in 0.75 ms, found 3 plugins.
Preloading 0 native plugins for Editor in 0.00 ms.
Mono: successfully reloaded assembly
- Completed reload, in  0.910 seconds
Domain Reload Profiling:
	ReloadAssembly (911ms)
		BeginReloadAssembly (102ms)
			ExecutionOrderSort (0ms)
			DisableScriptedObjects (6ms)
			BackupInstance (0ms)
			ReleaseScriptingObjects (0ms)
			CreateAndSetChildDomain (34ms)
		EndReloadAssembly (753ms)
			LoadAssemblies (71ms)
			RebuildTransferFunctionScriptingTraits (0ms)
			SetupTypeCache (245ms)
			ReleaseScriptCaches (1ms)
			RebuildScriptCaches (51ms)
			SetupLoadedEditorAssemblies (278ms)
				LogAssemblyErrors (0ms)
				InitializePlatformSupportModulesInManaged (6ms)
				SetLoadedEditorAssemblies (0ms)
				RefreshPlugins (1ms)
				BeforeProcessingInitializeOnLoad (74ms)
				ProcessInitializeOnLoadAttributes (187ms)
				ProcessInitializeOnLoadMethodAttributes (5ms)
				AfterProcessingInitializeOnLoad (4ms)
				EditorAssembliesLoaded (0ms)
			ExecutionOrderSort2 (0ms)
			AwakeInstancesAfterBackupRestoration (10ms)
Platform modules already initialized, skipping
Refreshing native plugins compatible for Editor in 0.44 ms, found 3 plugins.
Preloading 0 native plugins for Editor in 0.00 ms.
Unloading 2082 Unused Serialized files (Serialized files now loaded: 0)
System memory in use before: 96.0 MB.
System memory in use after: 96.2 MB.

Unloading 14 unused Assets to reduce memory usage. Loaded Objects now: 2618.
Total: 3.462400 ms (FindLiveObjects: 0.223500 ms CreateObjectMapping: 0.100400 ms MarkObjects: 3.120700 ms  DeleteObjects: 0.016800 ms)

AssetImportParameters requested are different than current active one (requested -> active):
  custom:framework-win-MediaFoundation: 216162199b28c13a410421893ffa2e32 -> 
  custom:video-decoder-ogg-theora: a1e56fd34408186e4bbccfd4996cb3dc -> 
  custom:container-muxer-webm: aa71ff27fc2769a1b78a27578f13a17b -> 
  custom:container-demuxer-webm: 4f35f7cbe854078d1ac9338744f61a02 -> 
  custom:container-demuxer-ogg: 62fdf1f143b41e24485cea50d1cbac27 -> 
  custom:video-encoder-webm-vp8: eb34c28f22e8b96e1ab97ce403110664 -> 
  custom:video-decoder-webm-vp8: 9c59270c3fd7afecdb556c50c9e8de78 -> 
  custom:audio-decoder-ogg-vorbis: bf7c407c2cedff20999df2af8eb42d56 -> 
  custom:audio-encoder-webm-vorbis: bf7c407c2cedff20999df2af8eb42d56 -> 
========================================================================
Received Prepare
Registering precompiled user dll's ...
Registered in 0.001666 seconds.
Begin MonoManager ReloadAssembly
Native extension for WindowsStandalone target not found
Native extension for WebGL target not found
Refreshing native plugins compatible for Editor in 0.44 ms, found 3 plugins.
Preloading 0 native plugins for Editor in 0.00 ms.
Mono: successfully reloaded assembly
- Completed reload, in  0.890 seconds
Domain Reload Profiling:
	ReloadAssembly (891ms)
		BeginReloadAssembly (94ms)
			ExecutionOrderSort (0ms)
			DisableScriptedObjects (6ms)
			BackupInstance (0ms)
			ReleaseScriptingObjects (0ms)
			CreateAndSetChildDomain (31ms)
		EndReloadAssembly (743ms)
			LoadAssemblies (72ms)
			RebuildTransferFunctionScriptingTraits (0ms)
			SetupTypeCache (257ms)
			ReleaseScriptCaches (1ms)
			RebuildScriptCaches (39ms)
			SetupLoadedEditorAssemblies (270ms)
				LogAssemblyErrors (0ms)
				InitializePlatformSupportModulesInManaged (6ms)
				SetLoadedEditorAssemblies (0ms)
				RefreshPlugins (0ms)
				BeforeProcessingInitializeOnLoad (72ms)
				ProcessInitializeOnLoadAttributes (182ms)
				ProcessInitializeOnLoadMethodAttributes (5ms)
				AfterProcessingInitializeOnLoad (4ms)
				EditorAssembliesLoaded (0ms)
			ExecutionOrderSort2 (0ms)
			AwakeInstancesAfterBackupRestoration (12ms)
Platform modules already initialized, skipping
Refreshing native plugins compatible for Editor in 0.51 ms, found 3 plugins.
Preloading 0 native plugins for Editor in 0.00 ms.
Unloading 2082 Unused Serialized files (Serialized files now loaded: 0)
System memory in use before: 96.0 MB.
System memory in use after: 96.2 MB.

Unloading 14 unused Assets to reduce memory usage. Loaded Objects now: 2621.
Total: 4.192600 ms (FindLiveObjects: 0.264900 ms CreateObjectMapping: 0.149200 ms MarkObjects: 3.659500 ms  DeleteObjects: 0.118000 ms)

AssetImportParameters requested are different than current active one (requested -> active):
  custom:framework-win-MediaFoundation: 216162199b28c13a410421893ffa2e32 -> 
  custom:video-decoder-ogg-theora: a1e56fd34408186e4bbccfd4996cb3dc -> 
  custom:container-muxer-webm: aa71ff27fc2769a1b78a27578f13a17b -> 
  custom:container-demuxer-webm: 4f35f7cbe854078d1ac9338744f61a02 -> 
  custom:container-demuxer-ogg: 62fdf1f143b41e24485cea50d1cbac27 -> 
  custom:video-encoder-webm-vp8: eb34c28f22e8b96e1ab97ce403110664 -> 
  custom:video-decoder-webm-vp8: 9c59270c3fd7afecdb556c50c9e8de78 -> 
  custom:audio-decoder-ogg-vorbis: bf7c407c2cedff20999df2af8eb42d56 -> 
  custom:audio-encoder-webm-vorbis: bf7c407c2cedff20999df2af8eb42d56 -> 
========================================================================
Received Import Request.
  Time since last request: 3334.431667 seconds.
  path: Assets/素材/New Project (1).png
  artifactKey: Guid(e39cab6fa2a5a3846a318a699cfd7d32) Importer(815301076,1909f56bfc062723c751e8b465ee728b)
Start importing Assets/素材/New Project (1).png using Guid(e39cab6fa2a5a3846a318a699cfd7d32) Importer(815301076,1909f56bfc062723c751e8b465ee728b)  -> (artifact id: 'd89f9d0aa8144b399a841943d56da99c') in 0.072729 seconds 
  Import took 0.076731 seconds .

========================================================================
Received Import Request.
  Time since last request: 0.000268 seconds.
  path: Assets/素材/天空.mat
  artifactKey: Guid(7edba6e8824787d4ab29d3bb7d9ca2e4) Importer(815301076,1909f56bfc062723c751e8b465ee728b)
Start importing Assets/素材/天空.mat using Guid(7edba6e8824787d4ab29d3bb7d9ca2e4) Importer(815301076,1909f56bfc062723c751e8b465ee728b)  -> (artifact id: 'dc5645df2e6e3d3a5a8c823e90a08d7b') in 0.036033 seconds 
  Import took 0.039796 seconds .

========================================================================
Received Import Request.
  Time since last request: 0.000169 seconds.
  path: Assets/素材/遊戲場景.mat
  artifactKey: Guid(9d403c5af84406e42925f258803b35a3) Importer(815301076,1909f56bfc062723c751e8b465ee728b)
Start importing Assets/素材/遊戲場景.mat using Guid(9d403c5af84406e42925f258803b35a3) Importer(815301076,1909f56bfc062723c751e8b465ee728b)  -> (artifact id: '589e4d06aa49f59f2f9df0014cb3905b') in 0.006803 seconds 
  Import took 0.010077 seconds .

========================================================================
Received Import Request.
  Time since last request: 0.000201 seconds.
  path: Assets/素材/New Project.png
  artifactKey: Guid(b1d2087b9d78d8241a6367493bdc8621) Importer(815301076,1909f56bfc062723c751e8b465ee728b)
Start importing Assets/素材/New Project.png using Guid(b1d2087b9d78d8241a6367493bdc8621) Importer(815301076,1909f56bfc062723c751e8b465ee728b)  -> (artifact id: 'e1dd91d63641bf90cc6848d569b836f7') in 0.009072 seconds 
  Import took 0.012633 seconds .

========================================================================
Received Import Request.
  Time since last request: 0.000252 seconds.
  path: Assets/素材/雜質.mat
  artifactKey: Guid(ef11086e889203643aa1805dbe1d0939) Importer(815301076,1909f56bfc062723c751e8b465ee728b)
Start importing Assets/素材/雜質.mat using Guid(ef11086e889203643aa1805dbe1d0939) Importer(815301076,1909f56bfc062723c751e8b465ee728b)  -> (artifact id: 'aff007813116420d92eda372e1d6448f') in 0.013520 seconds 
  Import took 0.016950 seconds .

========================================================================
Received Import Request.
  Time since last request: 0.463361 seconds.
  path: Assets/調色盤/TX Tileset Ground Darken B 1.asset
  artifactKey: Guid(2b20c9fd66c7ce24d9b99db4f032e93c) Importer(815301076,1909f56bfc062723c751e8b465ee728b)
Start importing Assets/調色盤/TX Tileset Ground Darken B 1.asset using Guid(2b20c9fd66c7ce24d9b99db4f032e93c) Importer(815301076,1909f56bfc062723c751e8b465ee728b)  -> (artifact id: '51e278a6ecb05206eb93fef21c3c2c62') in 0.014245 seconds 
  Import took 0.017594 seconds .

========================================================================
Received Import Request.
  Time since last request: 0.000228 seconds.
  path: Assets/調色盤/TX Tileset Ground Darken C L.asset
  artifactKey: Guid(4e978fa8e5ad75e448dbd3b316b93d66) Importer(815301076,1909f56bfc062723c751e8b465ee728b)
Start importing Assets/調色盤/TX Tileset Ground Darken C L.asset using Guid(4e978fa8e5ad75e448dbd3b316b93d66) Importer(815301076,1909f56bfc062723c751e8b465ee728b)  -> (artifact id: 'c0ee85b78b8beb211a2f0aff8719eadd') in 0.005204 seconds 
  Import took 0.008743 seconds .

========================================================================
Received Import Request.
  Time since last request: 0.000289 seconds.
  path: Assets/調色盤/TX Tileset Ground Darken C T 1.asset
  artifactKey: Guid(24363c371fd32ee44ad8edde9c8a396f) Importer(815301076,1909f56bfc062723c751e8b465ee728b)
Start importing Assets/調色盤/TX Tileset Ground Darken C T 1.asset using Guid(24363c371fd32ee44ad8edde9c8a396f) Importer(815301076,1909f56bfc062723c751e8b465ee728b)  -> (artifact id: 'd3d1f68fa565e3cf247c4753f0e09ec2') in 0.005249 seconds 
  Import took 0.008335 seconds .

========================================================================
Received Import Request.
  Time since last request: 0.000197 seconds.
  path: Assets/調色盤/TX Tileset Ground Darken C B 1.asset
  artifactKey: Guid(3ffef4113c48325499243b795283020e) Importer(815301076,1909f56bfc062723c751e8b465ee728b)
Start importing Assets/調色盤/TX Tileset Ground Darken C B 1.asset using Guid(3ffef4113c48325499243b795283020e) Importer(815301076,1909f56bfc062723c751e8b465ee728b)  -> (artifact id: '993eb62153fb6720d9c034a939432d05') in 0.004593 seconds 
  Import took 0.007843 seconds .

========================================================================
Received Import Request.
  Time since last request: 0.000203 seconds.
  path: Assets/調色盤/TX Tileset Ground Darken B.asset
  artifactKey: Guid(2cf89a65473c18f4292b18009da321cd) Importer(815301076,1909f56bfc062723c751e8b465ee728b)
Start importing Assets/調色盤/TX Tileset Ground Darken B.asset using Guid(2cf89a65473c18f4292b18009da321cd) Importer(815301076,1909f56bfc062723c751e8b465ee728b)  -> (artifact id: 'd1d3a1024f47d11859f06d5ec3b4f033') in 0.004969 seconds 
  Import took 0.008138 seconds .

========================================================================
Received Import Request.
  Time since last request: 0.000199 seconds.
  path: Assets/調色盤/TX Tileset Ground Darken BL.asset
  artifactKey: Guid(c23b0781641a9e344908365f35579662) Importer(815301076,1909f56bfc062723c751e8b465ee728b)
Start importing Assets/調色盤/TX Tileset Ground Darken BL.asset using Guid(c23b0781641a9e344908365f35579662) Importer(815301076,1909f56bfc062723c751e8b465ee728b)  -> (artifact id: '5716701a02c8388e617df438b14dfb6c') in 0.004718 seconds 
  Import took 0.007990 seconds .

========================================================================
Received Import Request.
  Time since last request: 0.000235 seconds.
  path: Assets/調色盤/TX Tileset Ground Darken BR 1.asset
  artifactKey: Guid(a70388d0fe68d4e49a29e6a6fa9c9b49) Importer(815301076,1909f56bfc062723c751e8b465ee728b)
Start importing Assets/調色盤/TX Tileset Ground Darken BR 1.asset using Guid(a70388d0fe68d4e49a29e6a6fa9c9b49) Importer(815301076,1909f56bfc062723c751e8b465ee728b)  -> (artifact id: '87fa03d92ce855a1b44945c4d6657aa8') in 0.012068 seconds 
  Import took 0.015326 seconds .

========================================================================
Received Import Request.
  Time since last request: 0.000183 seconds.
  path: Assets/調色盤/TX Tileset Ground Darken C B.asset
  artifactKey: Guid(d848ef45971d7c2498e54e81f6e2bfc8) Importer(815301076,1909f56bfc062723c751e8b465ee728b)
Start importing Assets/調色盤/TX Tileset Ground Darken C B.asset using Guid(d848ef45971d7c2498e54e81f6e2bfc8) Importer(815301076,1909f56bfc062723c751e8b465ee728b)  -> (artifact id: '31757ac536b2d1601fdf0d6849c3ac67') in 0.004899 seconds 
  Import took 0.008030 seconds .

========================================================================
Received Import Request.
  Time since last request: 0.000203 seconds.
  path: Assets/調色盤/TX Tileset Ground Darken C TL 1.asset
  artifactKey: Guid(53b3193984efb2a449ec999eb960420f) Importer(815301076,1909f56bfc062723c751e8b465ee728b)
Start importing Assets/調色盤/TX Tileset Ground Darken C TL 1.asset using Guid(53b3193984efb2a449ec999eb960420f) Importer(815301076,1909f56bfc062723c751e8b465ee728b)  -> (artifact id: '82ca922f6308d264061d136afc5f1394') in 0.004817 seconds 
  Import took 0.007768 seconds .

========================================================================
Received Import Request.
  Time since last request: 0.000255 seconds.
  path: Assets/調色盤/TX Tileset Ground Darken C BL.asset
  artifactKey: Guid(70b52ae1eacc2114a882ceb4f8efa985) Importer(815301076,1909f56bfc062723c751e8b465ee728b)
Start importing Assets/調色盤/TX Tileset Ground Darken C BL.asset using Guid(70b52ae1eacc2114a882ceb4f8efa985) Importer(815301076,1909f56bfc062723c751e8b465ee728b)  -> (artifact id: 'c4a528aea2efd0310c383e4193e15203') in 0.004834 seconds 
  Import took 0.008010 seconds .

========================================================================
Received Import Request.
  Time since last request: 0.000257 seconds.
  path: Assets/調色盤/TX Tileset Ground Darken C BR 1.asset
  artifactKey: Guid(23267b79412de7646b5540471466a569) Importer(815301076,1909f56bfc062723c751e8b465ee728b)
Start importing Assets/調色盤/TX Tileset Ground Darken C BR 1.asset using Guid(23267b79412de7646b5540471466a569) Importer(815301076,1909f56bfc062723c751e8b465ee728b)  -> (artifact id: 'a969c6eb3e30a3f9d3dcaee6751cf8ed') in 0.004889 seconds 
  Import took 0.007940 seconds .

========================================================================
Received Import Request.
  Time since last request: 0.000238 seconds.
  path: Assets/調色盤/TX Tileset Ground Darken C BR.asset
  artifactKey: Guid(459cfc6bdbea995478f9258c1db901ab) Importer(815301076,1909f56bfc062723c751e8b465ee728b)
Start importing Assets/調色盤/TX Tileset Ground Darken C BR.asset using Guid(459cfc6bdbea995478f9258c1db901ab) Importer(815301076,1909f56bfc062723c751e8b465ee728b)  -> (artifact id: '17a8d84ca4232e031666ee91c67cf03f') in 0.004900 seconds 
  Import took 0.008196 seconds .

========================================================================
Received Import Request.
  Time since last request: 0.000234 seconds.
  path: Assets/調色盤/TX Tileset Ground Darken BL 1.asset
  artifactKey: Guid(9b14cb4c0a5a66b46a14ee4056480e58) Importer(815301076,1909f56bfc062723c751e8b465ee728b)
Start importing Assets/調色盤/TX Tileset Ground Darken BL 1.asset using Guid(9b14cb4c0a5a66b46a14ee4056480e58) Importer(815301076,1909f56bfc062723c751e8b465ee728b)  -> (artifact id: '384f1b4089f19234678b271389282383') in 0.004625 seconds 
  Import took 0.007629 seconds .

========================================================================
Received Import Request.
  Time since last request: 0.000168 seconds.
  path: Assets/調色盤/TX Tileset Ground Darken C R.asset
  artifactKey: Guid(0b1d037fd9c9c2a498bf1261e51c6ada) Importer(815301076,1909f56bfc062723c751e8b465ee728b)
Start importing Assets/調色盤/TX Tileset Ground Darken C R.asset using Guid(0b1d037fd9c9c2a498bf1261e51c6ada) Importer(815301076,1909f56bfc062723c751e8b465ee728b)  -> (artifact id: '9ebc5bd6436cea519395fe4c02361c75') in 0.004459 seconds 
  Import took 0.007745 seconds .

========================================================================
Received Import Request.
  Time since last request: 0.000201 seconds.
  path: Assets/調色盤/TX Tileset Ground Darken C R 1.asset
  artifactKey: Guid(580326c5cee4e47458f1a3d393cec073) Importer(815301076,1909f56bfc062723c751e8b465ee728b)
Start importing Assets/調色盤/TX Tileset Ground Darken C R 1.asset using Guid(580326c5cee4e47458f1a3d393cec073) Importer(815301076,1909f56bfc062723c751e8b465ee728b)  -> (artifact id: '6baee57e4df52011d4cc027e97655a26') in 0.004866 seconds 
  Import took 0.008161 seconds .

========================================================================
Received Import Request.
  Time since last request: 0.000206 seconds.
  path: Assets/調色盤/TX Tileset Ground Darken C BL 1.asset
  artifactKey: Guid(76404747e4ffb544da528658e2384eb0) Importer(815301076,1909f56bfc062723c751e8b465ee728b)
Start importing Assets/調色盤/TX Tileset Ground Darken C BL 1.asset using Guid(76404747e4ffb544da528658e2384eb0) Importer(815301076,1909f56bfc062723c751e8b465ee728b)  -> (artifact id: '648c7c5140713eaa3866a63166c80c6c') in 0.004974 seconds 
  Import took 0.008197 seconds .

========================================================================
Received Import Request.
  Time since last request: 0.000207 seconds.
  path: Assets/調色盤/TX Tileset Ground Darken C T.asset
  artifactKey: Guid(a1b48a4f10d2c2d44ac8fce2a065fc0c) Importer(815301076,1909f56bfc062723c751e8b465ee728b)
Start importing Assets/調色盤/TX Tileset Ground Darken C T.asset using Guid(a1b48a4f10d2c2d44ac8fce2a065fc0c) Importer(815301076,1909f56bfc062723c751e8b465ee728b)  -> (artifact id: 'd0363371a8a6e903c56ed892bae8aeed') in 0.004731 seconds 
  Import took 0.008199 seconds .

========================================================================
Received Import Request.
  Time since last request: 0.000199 seconds.
  path: Assets/調色盤/TX Tileset Ground Darken C L 1.asset
  artifactKey: Guid(f967fa6a66e505d418f8f661b29d6987) Importer(815301076,1909f56bfc062723c751e8b465ee728b)
Start importing Assets/調色盤/TX Tileset Ground Darken C L 1.asset using Guid(f967fa6a66e505d418f8f661b29d6987) Importer(815301076,1909f56bfc062723c751e8b465ee728b)  -> (artifact id: '6800727f7c7d72022f268894fa108d2d') in 0.004681 seconds 
  Import took 0.007731 seconds .

========================================================================
Received Import Request.
  Time since last request: 0.000227 seconds.
  path: Assets/調色盤/TX Tileset Ground Darken BR.asset
  artifactKey: Guid(d4b5a84ec9b78c344bb129d93995a856) Importer(815301076,1909f56bfc062723c751e8b465ee728b)
Start importing Assets/調色盤/TX Tileset Ground Darken BR.asset using Guid(d4b5a84ec9b78c344bb129d93995a856) Importer(815301076,1909f56bfc062723c751e8b465ee728b)  -> (artifact id: '5999744aadca0cc08b0991b361e85ccc') in 0.004875 seconds 
  Import took 0.008063 seconds .

========================================================================
Received Import Request.
  Time since last request: 0.336773 seconds.
  path: Assets/音效音樂/寶箱.mp3
  artifactKey: Guid(43a1abca5f6839c40b2246c31d998b70) Importer(815301076,1909f56bfc062723c751e8b465ee728b)
Start importing Assets/音效音樂/寶箱.mp3 using Guid(43a1abca5f6839c40b2246c31d998b70) Importer(815301076,1909f56bfc062723c751e8b465ee728b)  -> (artifact id: '16d1f286351bcab0fd486fe722bc0629') in 0.057737 seconds 
  Import took 0.061518 seconds .

========================================================================
Received Import Request.
  Time since last request: 0.000200 seconds.
  path: Assets/音效音樂/關卡.mp3
  artifactKey: Guid(9ac3bcfc22a60a546b030554feeba4f3) Importer(815301076,1909f56bfc062723c751e8b465ee728b)
Start importing Assets/音效音樂/關卡.mp3 using Guid(9ac3bcfc22a60a546b030554feeba4f3) Importer(815301076,1909f56bfc062723c751e8b465ee728b)  -> (artifact id: 'a17cf7632fa8b6df6c10ed308e632d24') in 0.006453 seconds 
  Import took 0.009708 seconds .

========================================================================
Received Import Request.
  Time since last request: 0.000281 seconds.
  path: Assets/音效音樂/過關.mp3
  artifactKey: Guid(21839c85151ed53408ff6cda20248b2c) Importer(815301076,1909f56bfc062723c751e8b465ee728b)
Start importing Assets/音效音樂/過關.mp3 using Guid(21839c85151ed53408ff6cda20248b2c) Importer(815301076,1909f56bfc062723c751e8b465ee728b)  -> (artifact id: 'ee3664e661b3d57e0e02a064aa93d718') in 0.007081 seconds 
  Import took 0.010997 seconds .

========================================================================
Received Import Request.
  Time since last request: 0.000228 seconds.
  path: Assets/音效音樂/死亡.wav
  artifactKey: Guid(b20eff100831827498294d4bc57c9388) Importer(815301076,1909f56bfc062723c751e8b465ee728b)
Start importing Assets/音效音樂/死亡.wav using Guid(b20eff100831827498294d4bc57c9388) Importer(815301076,1909f56bfc062723c751e8b465ee728b)  -> (artifact id: '2230eccf84b5e85f6d82fea7125c9a09') in 0.007540 seconds 
  Import took 0.010821 seconds .

========================================================================
Received Import Request.
  Time since last request: 0.000169 seconds.
  path: Assets/音效音樂/跳躍.wav
  artifactKey: Guid(7f099ae3678e25c428cb8f34a213e36d) Importer(815301076,1909f56bfc062723c751e8b465ee728b)
Start importing Assets/音效音樂/跳躍.wav using Guid(7f099ae3678e25c428cb8f34a213e36d) Importer(815301076,1909f56bfc062723c751e8b465ee728b)  -> (artifact id: 'f348df5d771ab2fe554d5475af7d8278') in 0.006710 seconds 
  Import took 0.010132 seconds .

========================================================================
Received Import Request.
  Time since last request: 0.000263 seconds.
  path: Assets/音效音樂/選單.mp3
  artifactKey: Guid(5aaadca1e1b147b4a9da88c33123449a) Importer(815301076,1909f56bfc062723c751e8b465ee728b)
Start importing Assets/音效音樂/選單.mp3 using Guid(5aaadca1e1b147b4a9da88c33123449a) Importer(815301076,1909f56bfc062723c751e8b465ee728b)  -> (artifact id: 'acc108ea2e99bae55099ee9c2e98f247') in 0.007055 seconds 
  Import took 0.010704 seconds .

========================================================================
Received Import Request.
  Time since last request: 0.000229 seconds.
  path: Assets/音效音樂/落地.wav
  artifactKey: Guid(a8fc8aa3b8a47a64eb48bee46c9847dc) Importer(815301076,1909f56bfc062723c751e8b465ee728b)
Start importing Assets/音效音樂/落地.wav using Guid(a8fc8aa3b8a47a64eb48bee46c9847dc) Importer(815301076,1909f56bfc062723c751e8b465ee728b)  -> (artifact id: '3fa19f3e305f48eddadef979c5851d6b') in 0.024052 seconds 
  Import took 0.027849 seconds .

========================================================================
Received Prepare
Registering precompiled user dll's ...
Registered in 0.001675 seconds.
Begin MonoManager ReloadAssembly
Native extension for WindowsStandalone target not found
Native extension for WebGL target not found
Refreshing native plugins compatible for Editor in 0.48 ms, found 3 plugins.
Preloading 0 native plugins for Editor in 0.00 ms.
Mono: successfully reloaded assembly
- Completed reload, in  0.871 seconds
Domain Reload Profiling:
	ReloadAssembly (872ms)
		BeginReloadAssembly (88ms)
			ExecutionOrderSort (0ms)
			DisableScriptedObjects (5ms)
			BackupInstance (0ms)
			ReleaseScriptingObjects (0ms)
			CreateAndSetChildDomain (30ms)
		EndReloadAssembly (732ms)
			LoadAssemblies (70ms)
			RebuildTransferFunctionScriptingTraits (0ms)
			SetupTypeCache (243ms)
			ReleaseScriptCaches (1ms)
			RebuildScriptCaches (38ms)
			SetupLoadedEditorAssemblies (284ms)
				LogAssemblyErrors (0ms)
				InitializePlatformSupportModulesInManaged (5ms)
				SetLoadedEditorAssemblies (0ms)
				RefreshPlugins (1ms)
				BeforeProcessingInitializeOnLoad (87ms)
				ProcessInitializeOnLoadAttributes (182ms)
				ProcessInitializeOnLoadMethodAttributes (5ms)
				AfterProcessingInitializeOnLoad (4ms)
				EditorAssembliesLoaded (0ms)
			ExecutionOrderSort2 (0ms)
			AwakeInstancesAfterBackupRestoration (10ms)
Platform modules already initialized, skipping
Refreshing native plugins compatible for Editor in 0.50 ms, found 3 plugins.
Preloading 0 native plugins for Editor in 0.00 ms.
Unloading 2082 Unused Serialized files (Serialized files now loaded: 0)
System memory in use before: 96.4 MB.
System memory in use after: 96.6 MB.

Unloading 14 unused Assets to reduce memory usage. Loaded Objects now: 2631.
Total: 3.480500 ms (FindLiveObjects: 0.235600 ms CreateObjectMapping: 0.069900 ms MarkObjects: 3.152000 ms  DeleteObjects: 0.022300 ms)

AssetImportParameters requested are different than current active one (requested -> active):
  custom:framework-win-MediaFoundation: 216162199b28c13a410421893ffa2e32 -> 
  custom:video-decoder-ogg-theora: a1e56fd34408186e4bbccfd4996cb3dc -> 
  custom:container-muxer-webm: aa71ff27fc2769a1b78a27578f13a17b -> 
  custom:container-demuxer-webm: 4f35f7cbe854078d1ac9338744f61a02 -> 
  custom:container-demuxer-ogg: 62fdf1f143b41e24485cea50d1cbac27 -> 
  custom:video-encoder-webm-vp8: eb34c28f22e8b96e1ab97ce403110664 -> 
  custom:video-decoder-webm-vp8: 9c59270c3fd7afecdb556c50c9e8de78 -> 
  custom:audio-decoder-ogg-vorbis: bf7c407c2cedff20999df2af8eb42d56 -> 
  custom:audio-encoder-webm-vorbis: bf7c407c2cedff20999df2af8eb42d56 -> 
========================================================================
Received Prepare
Registering precompiled user dll's ...
Registered in 0.002164 seconds.
Begin MonoManager ReloadAssembly
Native extension for WindowsStandalone target not found
Native extension for WebGL target not found
Refreshing native plugins compatible for Editor in 0.52 ms, found 3 plugins.
Preloading 0 native plugins for Editor in 0.00 ms.
Mono: successfully reloaded assembly
- Completed reload, in  1.168 seconds
Domain Reload Profiling:
	ReloadAssembly (1169ms)
		BeginReloadAssembly (111ms)
			ExecutionOrderSort (0ms)
			DisableScriptedObjects (8ms)
			BackupInstance (0ms)
			ReleaseScriptingObjects (0ms)
			CreateAndSetChildDomain (35ms)
		EndReloadAssembly (981ms)
			LoadAssemblies (95ms)
			RebuildTransferFunctionScriptingTraits (0ms)
			SetupTypeCache (351ms)
			ReleaseScriptCaches (1ms)
			RebuildScriptCaches (52ms)
			SetupLoadedEditorAssemblies (349ms)
				LogAssemblyErrors (0ms)
				InitializePlatformSupportModulesInManaged (8ms)
				SetLoadedEditorAssemblies (0ms)
				RefreshPlugins (1ms)
				BeforeProcessingInitializeOnLoad (94ms)
				ProcessInitializeOnLoadAttributes (237ms)
				ProcessInitializeOnLoadMethodAttributes (6ms)
				AfterProcessingInitializeOnLoad (5ms)
				EditorAssembliesLoaded (0ms)
			ExecutionOrderSort2 (0ms)
			AwakeInstancesAfterBackupRestoration (12ms)
Platform modules already initialized, skipping
Refreshing native plugins compatible for Editor in 0.50 ms, found 3 plugins.
Preloading 0 native plugins for Editor in 0.00 ms.
Unloading 2082 Unused Serialized files (Serialized files now loaded: 0)
System memory in use before: 96.5 MB.
System memory in use after: 96.6 MB.

Unloading 14 unused Assets to reduce memory usage. Loaded Objects now: 2634.
Total: 3.418700 ms (FindLiveObjects: 0.264300 ms CreateObjectMapping: 0.099300 ms MarkObjects: 3.036100 ms  DeleteObjects: 0.017800 ms)

AssetImportParameters requested are different than current active one (requested -> active):
  custom:framework-win-MediaFoundation: 216162199b28c13a410421893ffa2e32 -> 
  custom:video-decoder-ogg-theora: a1e56fd34408186e4bbccfd4996cb3dc -> 
  custom:container-muxer-webm: aa71ff27fc2769a1b78a27578f13a17b -> 
  custom:container-demuxer-webm: 4f35f7cbe854078d1ac9338744f61a02 -> 
  custom:container-demuxer-ogg: 62fdf1f143b41e24485cea50d1cbac27 -> 
  custom:video-encoder-webm-vp8: eb34c28f22e8b96e1ab97ce403110664 -> 
  custom:video-decoder-webm-vp8: 9c59270c3fd7afecdb556c50c9e8de78 -> 
  custom:audio-decoder-ogg-vorbis: bf7c407c2cedff20999df2af8eb42d56 -> 
  custom:audio-encoder-webm-vorbis: bf7c407c2cedff20999df2af8eb42d56 -> 
AssetImportWorkerClient::OnTransportError - code=2 error=End of file
